app/build/outputs/logs/manifest-merger-debug-report.txt
-- Merging decision tree log ---
manifest
ADDED from src\main\AndroidManifest.xml:1:1-1243:12
INJECTED from src\main\AndroidManifest.xml:1:1-1243:12
INJECTED from src\main\AndroidManifest.xml:1:1-1243:12
INJECTED from src\main\AndroidManifest.xml:1:1-1243:12
MERGED from [com.android.support:design:27.1.1] AndroidManifest.xml:17:1-22:12
MERGED from [com.google.firebase:firebase-auth:16.0.2] AndroidManifest.xml:17:1-38:12
MERGED from [com.google.firebase:firebase-database:16.0.1] AndroidManifest.xml:2:1-8:12
MERGED from [com.google.firebase:firebase-storage:16.0.1] AndroidManifest.xml:2:1-7:12
MERGED from [com.google.firebase:firebase-messaging:17.1.0] AndroidManifest.xml:17:1-37:12
MERGED from [com.google.android.gms:play-services-flags:15.0.1] AndroidManifest.xml:17:1-22:12
MERGED from [com.google.firebase:firebase-auth-interop:16.0.0] AndroidManifest.xml:2:1-10:12
MERGED from [com.google.firebase:firebase-iid:16.2.0] AndroidManifest.xml:17:1-65:12
MERGED from [com.google.firebase:firebase-iid-interop:16.0.0] AndroidManifest.xml:2:1-10:12
MERGED from [com.google.android.gms:play-services-base:15.0.1] AndroidManifest.xml:17:1-29:12
MERGED from [com.google.firebase:firebase-database-connection:16.0.1] AndroidManifest.xml:2:1-10:12
MERGED from [com.google.firebase:firebase-common:16.0.0] AndroidManifest.xml:2:1-16:12
MERGED from [com.google.android.gms:play-services-tasks:15.0.1] AndroidManifest.xml:2:1-9:12
MERGED from [com.google.firebase:firebase-database-collection:15.0.1] AndroidManifest.xml:2:1-8:12
MERGED from [com.google.firebase:firebase-storage-common:16.0.1] AndroidManifest.xml:2:1-10:12
MERGED from [com.google.firebase:firebase-measurement-connector:16.0.0] AndroidManifest.xml:17:1-25:12
MERGED from [com.google.android.gms:play-services-stats:15.0.1] AndroidManifest.xml:2:1-9:12
MERGED from [com.google.android.gms:play-services-basement:15.0.1] AndroidManifest.xml:17:1-28:12
MERGED from [com.android.support:support-v4:27.1.1] AndroidManifest.xml:17:1-22:12
MERGED from [com.android.support:appcompat-v7:27.1.1] AndroidManifest.xml:17:1-22:12
MERGED from [com.android.support:support-fragment:27.1.1] AndroidManifest.xml:17:1-22:12
MERGED from [com.android.support:animated-vector-drawable:27.1.1] AndroidManifest.xml:17:1-22:12
MERGED from [com.android.support:recyclerview-v7:27.1.1] AndroidManifest.xml:17:1-22:12
MERGED from [com.android.support:support-core-ui:27.1.1] AndroidManifest.xml:17:1-22:12
MERGED from [com.android.support:support-core-utils:27.1.1] AndroidManifest.xml:17:1-22:12
MERGED from [com.android.support:support-vector-drawable:27.1.1] AndroidManifest.xml:17:1-22:12
MERGED from [com.android.support:transition:27.1.1] AndroidManifest.xml:17:1-22:12
MERGED from [com.android.support:support-media-compat:27.1.1] AndroidManifest.xml:17:1-22:12
MERGED from [com.android.support:support-compat:27.1.1] AndroidManifest.xml:17:1-22:12
MERGED from [android.arch.lifecycle:runtime:1.1.0] AndroidManifest.xml:17:1-22:12
MERGED from [android.arch.lifecycle:livedata-core:1.1.0] AndroidManifest.xml:17:1-22:12
MERGED from [android.arch.lifecycle:viewmodel:1.1.0] AndroidManifest.xml:17:1-22:12
MERGED from [android.arch.core:runtime:1.1.0] AndroidManifest.xml:17:1-22:12
INJECTED from src\main\AndroidManifest.xml:1:1-1243:12
INJECTED from src\main\AndroidManifest.xml:1:1-1243:12
INJECTED from src\main\AndroidManifest.xml:1:1-1243:12
	package
		ADDED from src\main\AndroidManifest.xml:3:2-29
		INJECTED from src\main\AndroidManifest.xml
		INJECTED from src\main\AndroidManifest.xml
	android:versionName
		INJECTED from src\main\AndroidManifest.xml
		ADDED from src\main\AndroidManifest.xml:1:1-1243:12
		INJECTED from src\main\AndroidManifest.xml
	android:versionCode
		INJECTED from src\main\AndroidManifest.xml
		ADDED from src\main\AndroidManifest.xml:1:1-1243:12
		INJECTED from src\main\AndroidManifest.xml
	xmlns:android
		ADDED from src\main\AndroidManifest.xml:2:2-60
uses-permission#android.permission.INTERNET
ADDED from src\main\AndroidManifest.xml:4:2-63
MERGED from [com.google.firebase:firebase-iid:16.2.0] AndroidManifest.xml:23:5-67
MERGED from [com.google.firebase:firebase-iid:16.2.0] AndroidManifest.xml:23:5-67
MERGED from [com.google.firebase:firebase-database-connection:16.0.1] AndroidManifest.xml:8:5-67
MERGED from [com.google.firebase:firebase-database-connection:16.0.1] AndroidManifest.xml:8:5-67
MERGED from [com.google.firebase:firebase-storage-common:16.0.1] AndroidManifest.xml:8:5-67
MERGED from [com.google.firebase:firebase-storage-common:16.0.1] AndroidManifest.xml:8:5-67
	android:name
		ADDED from src\main\AndroidManifest.xml:4:19-61
uses-permission#android.permission.VIBRATE
ADDED from src\main\AndroidManifest.xml:5:2-62
	android:name
		ADDED from src\main\AndroidManifest.xml:5:19-60
application
ADDED from src\main\AndroidManifest.xml:6:2-1242:16
MERGED from [com.google.firebase:firebase-auth:16.0.2] AndroidManifest.xml:22:5-36:19
MERGED from [com.google.firebase:firebase-auth:16.0.2] AndroidManifest.xml:22:5-36:19
MERGED from [com.google.firebase:firebase-messaging:17.1.0] AndroidManifest.xml:22:5-35:19
MERGED from [com.google.firebase:firebase-messaging:17.1.0] AndroidManifest.xml:22:5-35:19
MERGED from [com.google.firebase:firebase-auth-interop:16.0.0] AndroidManifest.xml:7:5-8:19
MERGED from [com.google.firebase:firebase-auth-interop:16.0.0] AndroidManifest.xml:7:5-8:19
MERGED from [com.google.firebase:firebase-iid:16.2.0] AndroidManifest.xml:34:5-63:19
MERGED from [com.google.firebase:firebase-iid:16.2.0] AndroidManifest.xml:34:5-63:19
MERGED from [com.google.firebase:firebase-iid-interop:16.0.0] AndroidManifest.xml:7:5-8:19
MERGED from [com.google.firebase:firebase-iid-interop:16.0.0] AndroidManifest.xml:7:5-8:19
MERGED from [com.google.android.gms:play-services-base:15.0.1] AndroidManifest.xml:22:5-27:19
MERGED from [com.google.android.gms:play-services-base:15.0.1] AndroidManifest.xml:22:5-27:19
MERGED from [com.google.firebase:firebase-common:16.0.0] AndroidManifest.xml:8:5-14:19
MERGED from [com.google.firebase:firebase-common:16.0.0] AndroidManifest.xml:8:5-14:19
MERGED from [com.google.android.gms:play-services-tasks:15.0.1] AndroidManifest.xml:7:5-20
MERGED from [com.google.android.gms:play-services-tasks:15.0.1] AndroidManifest.xml:7:5-20
MERGED from [com.google.firebase:firebase-measurement-connector:16.0.0] AndroidManifest.xml:22:5-23:19
MERGED from [com.google.firebase:firebase-measurement-connector:16.0.0] AndroidManifest.xml:22:5-23:19
MERGED from [com.google.android.gms:play-services-stats:15.0.1] AndroidManifest.xml:7:5-20
MERGED from [com.google.android.gms:play-services-stats:15.0.1] AndroidManifest.xml:7:5-20
MERGED from [com.google.android.gms:play-services-basement:15.0.1] AndroidManifest.xml:22:5-26:19
MERGED from [com.google.android.gms:play-services-basement:15.0.1] AndroidManifest.xml:22:5-26:19
	android:label
		ADDED from src\main\AndroidManifest.xml:8:3-28
	android:largeHeap
		ADDED from src\main\AndroidManifest.xml:10:3-27
	android:icon
		ADDED from src\main\AndroidManifest.xml:9:3-36
	android:allowBackup
		ADDED from src\main\AndroidManifest.xml:7:3-29
	android:theme
		ADDED from src\main\AndroidManifest.xml:11:3-34
activity#com.tasm.istudiez.MainActivity
ADDED from src\main\AndroidManifest.xml:12:3-20:14
	android:screenOrientation
		ADDED from src\main\AndroidManifest.xml:15:4-40
	android:configChanges
		ADDED from src\main\AndroidManifest.xml:14:4-50
	android:name
		ADDED from src\main\AndroidManifest.xml:13:4-32
intent-filter#action:name:android.intent.action.MAIN+category:name:android.intent.category.LAUNCHER
ADDED from src\main\AndroidManifest.xml:16:4-19:20
action#android.intent.action.MAIN
ADDED from src\main\AndroidManifest.xml:17:5-56
	android:name
		ADDED from src\main\AndroidManifest.xml:17:13-54
category#android.intent.category.LAUNCHER
ADDED from src\main\AndroidManifest.xml:18:5-64
	android:name
		ADDED from src\main\AndroidManifest.xml:18:15-62
service#com.tasm.istudiez.MyAndroidFirebaseMessagingService
ADDED from src\main\AndroidManifest.xml:21:3-26:13
	android:name
		ADDED from src\main\AndroidManifest.xml:22:4-53
intent-filter#action:name:com.google.firebase.MESSAGING_EVENT
ADDED from src\main\AndroidManifest.xml:23:4-25:20
action#com.google.firebase.MESSAGING_EVENT
ADDED from src\main\AndroidManifest.xml:24:5-65
	android:name
		ADDED from src\main\AndroidManifest.xml:24:13-63
service#com.tasm.istudiez.MyAndroidFirebaseInstanceIDService
ADDED from src\main\AndroidManifest.xml:27:3-32:13
	android:name
		ADDED from src\main\AndroidManifest.xml:28:4-54
intent-filter#action:name:com.google.firebase.INSTANCE_ID_EVENT
ADDED from src\main\AndroidManifest.xml:29:4-31:20
action#com.google.firebase.INSTANCE_ID_EVENT
ADDED from src\main\AndroidManifest.xml:30:5-67
	android:name
		ADDED from src\main\AndroidManifest.xml:30:13-65
activity#com.tasm.istudiez.AboutActivity
ADDED from src\main\AndroidManifest.xml:33:3-36:42
	android:screenOrientation
		ADDED from src\main\AndroidManifest.xml:36:4-40
	android:configChanges
		ADDED from src\main\AndroidManifest.xml:35:4-50
	android:name
		ADDED from src\main\AndroidManifest.xml:34:4-33
activity#com.tasm.istudiez.NotificationActivity
ADDED from src\main\AndroidManifest.xml:37:3-40:42
	android:screenOrientation
		ADDED from src\main\AndroidManifest.xml:40:4-40
	android:configChanges
		ADDED from src\main\AndroidManifest.xml:39:4-50
	android:name
		ADDED from src\main\AndroidManifest.xml:38:4-40
activity#com.tasm.istudiez.CseActivity
ADDED from src\main\AndroidManifest.xml:41:3-44:42
	android:screenOrientation
		ADDED from src\main\AndroidManifest.xml:44:4-40
	android:configChanges
		ADDED from src\main\AndroidManifest.xml:43:4-50
	android:name
		ADDED from src\main\AndroidManifest.xml:42:4-31
activity#com.tasm.istudiez.IteActivity
ADDED from src\main\AndroidManifest.xml:45:3-48:42
	android:screenOrientation
		ADDED from src\main\AndroidManifest.xml:48:4-40
	android:configChanges
		ADDED from src\main\AndroidManifest.xml:47:4-50
	android:name
		ADDED from src\main\AndroidManifest.xml:46:4-31
activity#com.tasm.istudiez.CeeActivity
ADDED from src\main\AndroidManifest.xml:49:3-52:42
	android:screenOrientation
		ADDED from src\main\AndroidManifest.xml:52:4-40
	android:configChanges
		ADDED from src\main\AndroidManifest.xml:51:4-50
	android:name
		ADDED from src\main\AndroidManifest.xml:50:4-31
activity#com.tasm.istudiez.MeeActivity
ADDED from src\main\AndroidManifest.xml:53:3-56:42
	android:screenOrientation
		ADDED from src\main\AndroidManifest.xml:56:4-40
	android:configChanges
		ADDED from src\main\AndroidManifest.xml:55:4-50
	android:name
		ADDED from src\main\AndroidManifest.xml:54:4-31
activity#com.tasm.istudiez.EceActivity
ADDED from src\main\AndroidManifest.xml:57:3-60:42
	android:screenOrientation
		ADDED from src\main\AndroidManifest.xml:60:4-40
	android:configChanges
		ADDED from src\main\AndroidManifest.xml:59:4-50
	android:name
		ADDED from src\main\AndroidManifest.xml:58:4-31
activity#com.tasm.istudiez.EeeActivity
ADDED from src\main\AndroidManifest.xml:61:3-64:42
	android:screenOrientation
		ADDED from src\main\AndroidManifest.xml:64:4-40
	android:configChanges
		ADDED from src\main\AndroidManifest.xml:63:4-50
	android:name
		ADDED from src\main\AndroidManifest.xml:62:4-31
activity#com.tasm.istudiez.DemoActivity
ADDED from src\main\AndroidManifest.xml:65:3-69:42
	android:screenOrientation
		ADDED from src\main\AndroidManifest.xml:69:4-40
	android:configChanges
		ADDED from src\main\AndroidManifest.xml:67:4-50
	android:theme
		ADDED from src\main\AndroidManifest.xml:68:4-46
	android:name
		ADDED from src\main\AndroidManifest.xml:66:4-32
activity#com.tasm.istudiez.Ma101Activity
ADDED from src\main\AndroidManifest.xml:70:3-73:42
	android:screenOrientation
		ADDED from src\main\AndroidManifest.xml:73:4-40
	android:configChanges
		ADDED from src\main\AndroidManifest.xml:72:4-50
	android:name
		ADDED from src\main\AndroidManifest.xml:71:4-33
activity#com.tasm.istudiez.Ma102Activity
ADDED from src\main\AndroidManifest.xml:74:3-77:42
	android:screenOrientation
		ADDED from src\main\AndroidManifest.xml:77:4-40
	android:configChanges
		ADDED from src\main\AndroidManifest.xml:76:4-50
	android:name
		ADDED from src\main\AndroidManifest.xml:75:4-33
activity#com.tasm.istudiez.Cy100Activity
ADDED from src\main\AndroidManifest.xml:78:3-81:42
	android:screenOrientation
		ADDED from src\main\AndroidManifest.xml:81:4-40
	android:configChanges
		ADDED from src\main\AndroidManifest.xml:80:4-50
	android:name
		ADDED from src\main\AndroidManifest.xml:79:4-33
activity#com.tasm.istudiez.Ph100Activity
ADDED from src\main\AndroidManifest.xml:82:3-85:42
	android:screenOrientation
		ADDED from src\main\AndroidManifest.xml:85:4-40
	android:configChanges
		ADDED from src\main\AndroidManifest.xml:84:4-50
	android:name
		ADDED from src\main\AndroidManifest.xml:83:4-33
activity#com.tasm.istudiez.Be110Activity
ADDED from src\main\AndroidManifest.xml:86:3-89:42
	android:screenOrientation
		ADDED from src\main\AndroidManifest.xml:89:4-40
	android:configChanges
		ADDED from src\main\AndroidManifest.xml:88:4-50
	android:name
		ADDED from src\main\AndroidManifest.xml:87:4-33
activity#com.tasm.istudiez.Be100Activity
ADDED from src\main\AndroidManifest.xml:90:3-93:42
	android:screenOrientation
		ADDED from src\main\AndroidManifest.xml:93:4-40
	android:configChanges
		ADDED from src\main\AndroidManifest.xml:92:4-50
	android:name
		ADDED from src\main\AndroidManifest.xml:91:4-33
activity#com.tasm.istudiez.Ce100Activity
ADDED from src\main\AndroidManifest.xml:94:3-97:42
	android:screenOrientation
		ADDED from src\main\AndroidManifest.xml:97:4-40
	android:configChanges
		ADDED from src\main\AndroidManifest.xml:96:4-50
	android:name
		ADDED from src\main\AndroidManifest.xml:95:4-33
activity#com.tasm.istudiez.Me100Activity
ADDED from src\main\AndroidManifest.xml:98:3-101:42
	android:screenOrientation
		ADDED from src\main\AndroidManifest.xml:101:4-40
	android:configChanges
		ADDED from src\main\AndroidManifest.xml:100:4-50
	android:name
		ADDED from src\main\AndroidManifest.xml:99:4-33
activity#com.tasm.istudiez.Ee100Activity
ADDED from src\main\AndroidManifest.xml:102:3-105:42
	android:screenOrientation
		ADDED from src\main\AndroidManifest.xml:105:4-40
	android:configChanges
		ADDED from src\main\AndroidManifest.xml:104:4-50
	android:name
		ADDED from src\main\AndroidManifest.xml:103:4-33
activity#com.tasm.istudiez.Ec100Activity
ADDED from src\main\AndroidManifest.xml:106:3-109:42
	android:screenOrientation
		ADDED from src\main\AndroidManifest.xml:109:4-40
	android:configChanges
		ADDED from src\main\AndroidManifest.xml:108:4-50
	android:name
		ADDED from src\main\AndroidManifest.xml:107:4-33
activity#com.tasm.istudiez.Be101_01Activity
ADDED from src\main\AndroidManifest.xml:110:3-113:42
	android:screenOrientation
		ADDED from src\main\AndroidManifest.xml:113:4-40
	android:configChanges
		ADDED from src\main\AndroidManifest.xml:112:4-50
	android:name
		ADDED from src\main\AndroidManifest.xml:111:4-36
activity#com.tasm.istudiez.Be101_02Activity
ADDED from src\main\AndroidManifest.xml:114:3-117:42
	android:screenOrientation
		ADDED from src\main\AndroidManifest.xml:117:4-40
	android:configChanges
		ADDED from src\main\AndroidManifest.xml:116:4-50
	android:name
		ADDED from src\main\AndroidManifest.xml:115:4-36
activity#com.tasm.istudiez.Be101_03Activity
ADDED from src\main\AndroidManifest.xml:118:3-121:42
	android:screenOrientation
		ADDED from src\main\AndroidManifest.xml:121:4-40
	android:configChanges
		ADDED from src\main\AndroidManifest.xml:120:4-50
	android:name
		ADDED from src\main\AndroidManifest.xml:119:4-36
activity#com.tasm.istudiez.Be101_04Activity
ADDED from src\main\AndroidManifest.xml:122:3-125:42
	android:screenOrientation
		ADDED from src\main\AndroidManifest.xml:125:4-40
	android:configChanges
		ADDED from src\main\AndroidManifest.xml:124:4-50
	android:name
		ADDED from src\main\AndroidManifest.xml:123:4-36
activity#com.tasm.istudiez.Be103Activity
ADDED from src\main\AndroidManifest.xml:126:3-129:42
	android:screenOrientation
		ADDED from src\main\AndroidManifest.xml:129:4-40
	android:configChanges
		ADDED from src\main\AndroidManifest.xml:128:4-50
	android:name
		ADDED from src\main\AndroidManifest.xml:127:4-33
activity#com.tasm.istudiez.Be102Activity
ADDED from src\main\AndroidManifest.xml:130:3-133:42
	android:screenOrientation
		ADDED from src\main\AndroidManifest.xml:133:4-40
	android:configChanges
		ADDED from src\main\AndroidManifest.xml:132:4-50
	android:name
		ADDED from src\main\AndroidManifest.xml:131:4-33
activity#com.tasm.istudiez.Be101_05Activity
ADDED from src\main\AndroidManifest.xml:134:3-137:42
	android:screenOrientation
		ADDED from src\main\AndroidManifest.xml:137:4-40
	android:configChanges
		ADDED from src\main\AndroidManifest.xml:136:4-50
	android:name
		ADDED from src\main\AndroidManifest.xml:135:4-36
activity#com.tasm.istudiez.Ma201Activity
ADDED from src\main\AndroidManifest.xml:138:3-141:42
	android:screenOrientation
		ADDED from src\main\AndroidManifest.xml:141:4-40
	android:configChanges
		ADDED from src\main\AndroidManifest.xml:140:4-50
	android:name
		ADDED from src\main\AndroidManifest.xml:139:4-33
activity#com.tasm.istudiez.Cs201Activity
ADDED from src\main\AndroidManifest.xml:142:3-145:42
	android:screenOrientation
		ADDED from src\main\AndroidManifest.xml:145:4-40
	android:configChanges
		ADDED from src\main\AndroidManifest.xml:144:4-50
	android:name
		ADDED from src\main\AndroidManifest.xml:143:4-33
activity#com.tasm.istudiez.Cs203Activity
ADDED from src\main\AndroidManifest.xml:146:3-149:42
	android:screenOrientation
		ADDED from src\main\AndroidManifest.xml:149:4-40
	android:configChanges
		ADDED from src\main\AndroidManifest.xml:148:4-50
	android:name
		ADDED from src\main\AndroidManifest.xml:147:4-33
activity#com.tasm.istudiez.Cs205Activity
ADDED from src\main\AndroidManifest.xml:150:3-153:42
	android:screenOrientation
		ADDED from src\main\AndroidManifest.xml:153:4-40
	android:configChanges
		ADDED from src\main\AndroidManifest.xml:152:4-50
	android:name
		ADDED from src\main\AndroidManifest.xml:151:4-33
activity#com.tasm.istudiez.Cs207Activity
ADDED from src\main\AndroidManifest.xml:154:3-157:42
	android:screenOrientation
		ADDED from src\main\AndroidManifest.xml:157:4-40
	android:configChanges
		ADDED from src\main\AndroidManifest.xml:156:4-50
	android:name
		ADDED from src\main\AndroidManifest.xml:155:4-33
activity#com.tasm.istudiez.Hs210Activity
ADDED from src\main\AndroidManifest.xml:158:3-161:42
	android:screenOrientation
		ADDED from src\main\AndroidManifest.xml:161:4-40
	android:configChanges
		ADDED from src\main\AndroidManifest.xml:160:4-50
	android:name
		ADDED from src\main\AndroidManifest.xml:159:4-33
activity#com.tasm.istudiez.Ma202Activity
ADDED from src\main\AndroidManifest.xml:162:3-165:42
	android:screenOrientation
		ADDED from src\main\AndroidManifest.xml:165:4-40
	android:configChanges
		ADDED from src\main\AndroidManifest.xml:164:4-50
	android:name
		ADDED from src\main\AndroidManifest.xml:163:4-33
activity#com.tasm.istudiez.Cs202Activity
ADDED from src\main\AndroidManifest.xml:166:3-169:42
	android:screenOrientation
		ADDED from src\main\AndroidManifest.xml:169:4-40
	android:configChanges
		ADDED from src\main\AndroidManifest.xml:168:4-50
	android:name
		ADDED from src\main\AndroidManifest.xml:167:4-33
activity#com.tasm.istudiez.Cs204Activity
ADDED from src\main\AndroidManifest.xml:170:3-173:42
	android:screenOrientation
		ADDED from src\main\AndroidManifest.xml:173:4-40
	android:configChanges
		ADDED from src\main\AndroidManifest.xml:172:4-50
	android:name
		ADDED from src\main\AndroidManifest.xml:171:4-33
activity#com.tasm.istudiez.Cs206Activity
ADDED from src\main\AndroidManifest.xml:174:3-177:42
	android:screenOrientation
		ADDED from src\main\AndroidManifest.xml:177:4-40
	android:configChanges
		ADDED from src\main\AndroidManifest.xml:176:4-50
	android:name
		ADDED from src\main\AndroidManifest.xml:175:4-33
activity#com.tasm.istudiez.Cs208Activity
ADDED from src\main\AndroidManifest.xml:178:3-181:42
	android:screenOrientation
		ADDED from src\main\AndroidManifest.xml:181:4-40
	android:configChanges
		ADDED from src\main\AndroidManifest.xml:180:4-50
	android:name
		ADDED from src\main\AndroidManifest.xml:179:4-33
activity#com.tasm.istudiez.Hs200Activity
ADDED from src\main\AndroidManifest.xml:182:3-185:42
	android:screenOrientation
		ADDED from src\main\AndroidManifest.xml:185:4-40
	android:configChanges
		ADDED from src\main\AndroidManifest.xml:184:4-50
	android:name
		ADDED from src\main\AndroidManifest.xml:183:4-33
activity#com.tasm.istudiez.Cs301Activity
ADDED from src\main\AndroidManifest.xml:186:3-189:42
	android:screenOrientation
		ADDED from src\main\AndroidManifest.xml:189:4-40
	android:configChanges
		ADDED from src\main\AndroidManifest.xml:188:4-50
	android:name
		ADDED from src\main\AndroidManifest.xml:187:4-33
activity#com.tasm.istudiez.Cs303Activity
ADDED from src\main\AndroidManifest.xml:190:3-193:42
	android:screenOrientation
		ADDED from src\main\AndroidManifest.xml:193:4-40
	android:configChanges
		ADDED from src\main\AndroidManifest.xml:192:4-50
	android:name
		ADDED from src\main\AndroidManifest.xml:191:4-33
activity#com.tasm.istudiez.Cs305Activity
ADDED from src\main\AndroidManifest.xml:194:3-197:42
	android:screenOrientation
		ADDED from src\main\AndroidManifest.xml:197:4-40
	android:configChanges
		ADDED from src\main\AndroidManifest.xml:196:4-50
	android:name
		ADDED from src\main\AndroidManifest.xml:195:4-33
activity#com.tasm.istudiez.Cs307Activity
ADDED from src\main\AndroidManifest.xml:198:3-201:42
	android:screenOrientation
		ADDED from src\main\AndroidManifest.xml:201:4-40
	android:configChanges
		ADDED from src\main\AndroidManifest.xml:200:4-50
	android:name
		ADDED from src\main\AndroidManifest.xml:199:4-33
activity#com.tasm.istudiez.Cs309Activity
ADDED from src\main\AndroidManifest.xml:202:3-205:42
	android:screenOrientation
		ADDED from src\main\AndroidManifest.xml:205:4-40
	android:configChanges
		ADDED from src\main\AndroidManifest.xml:204:4-50
	android:name
		ADDED from src\main\AndroidManifest.xml:203:4-33
activity#com.tasm.istudiez.Cs361Activity
ADDED from src\main\AndroidManifest.xml:206:3-209:42
	android:screenOrientation
		ADDED from src\main\AndroidManifest.xml:209:4-40
	android:configChanges
		ADDED from src\main\AndroidManifest.xml:208:4-50
	android:name
		ADDED from src\main\AndroidManifest.xml:207:4-33
activity#com.tasm.istudiez.Cs363Activity
ADDED from src\main\AndroidManifest.xml:210:3-213:42
	android:screenOrientation
		ADDED from src\main\AndroidManifest.xml:213:4-40
	android:configChanges
		ADDED from src\main\AndroidManifest.xml:212:4-50
	android:name
		ADDED from src\main\AndroidManifest.xml:211:4-33
activity#com.tasm.istudiez.Cs365Activity
ADDED from src\main\AndroidManifest.xml:214:3-217:42
	android:screenOrientation
		ADDED from src\main\AndroidManifest.xml:217:4-40
	android:configChanges
		ADDED from src\main\AndroidManifest.xml:216:4-50
	android:name
		ADDED from src\main\AndroidManifest.xml:215:4-33
activity#com.tasm.istudiez.Cs367Activity
ADDED from src\main\AndroidManifest.xml:218:3-221:42
	android:screenOrientation
		ADDED from src\main\AndroidManifest.xml:221:4-40
	android:configChanges
		ADDED from src\main\AndroidManifest.xml:220:4-50
	android:name
		ADDED from src\main\AndroidManifest.xml:219:4-33
activity#com.tasm.istudiez.Cs369Activity
ADDED from src\main\AndroidManifest.xml:222:3-225:42
	android:screenOrientation
		ADDED from src\main\AndroidManifest.xml:225:4-40
	android:configChanges
		ADDED from src\main\AndroidManifest.xml:224:4-50
	android:name
		ADDED from src\main\AndroidManifest.xml:223:4-33
activity#com.tasm.istudiez.Cs302Activity
ADDED from src\main\AndroidManifest.xml:226:3-229:42
	android:screenOrientation
		ADDED from src\main\AndroidManifest.xml:229:4-40
	android:configChanges
		ADDED from src\main\AndroidManifest.xml:228:4-50
	android:name
		ADDED from src\main\AndroidManifest.xml:227:4-33
activity#com.tasm.istudiez.Cs304Activity
ADDED from src\main\AndroidManifest.xml:230:3-233:42
	android:screenOrientation
		ADDED from src\main\AndroidManifest.xml:233:4-40
	android:configChanges
		ADDED from src\main\AndroidManifest.xml:232:4-50
	android:name
		ADDED from src\main\AndroidManifest.xml:231:4-33
activity#com.tasm.istudiez.Cs306Activity
ADDED from src\main\AndroidManifest.xml:234:3-237:42
	android:screenOrientation
		ADDED from src\main\AndroidManifest.xml:237:4-40
	android:configChanges
		ADDED from src\main\AndroidManifest.xml:236:4-50
	android:name
		ADDED from src\main\AndroidManifest.xml:235:4-33
activity#com.tasm.istudiez.Cs308Activity
ADDED from src\main\AndroidManifest.xml:238:3-241:42
	android:screenOrientation
		ADDED from src\main\AndroidManifest.xml:241:4-40
	android:configChanges
		ADDED from src\main\AndroidManifest.xml:240:4-50
	android:name
		ADDED from src\main\AndroidManifest.xml:239:4-33
activity#com.tasm.istudiez.Hs300Activity
ADDED from src\main\AndroidManifest.xml:242:3-245:42
	android:screenOrientation
		ADDED from src\main\AndroidManifest.xml:245:4-40
	android:configChanges
		ADDED from src\main\AndroidManifest.xml:244:4-50
	android:name
		ADDED from src\main\AndroidManifest.xml:243:4-33
activity#com.tasm.istudiez.Cs362Activity
ADDED from src\main\AndroidManifest.xml:246:3-249:42
	android:screenOrientation
		ADDED from src\main\AndroidManifest.xml:249:4-40
	android:configChanges
		ADDED from src\main\AndroidManifest.xml:248:4-50
	android:name
		ADDED from src\main\AndroidManifest.xml:247:4-33
activity#com.tasm.istudiez.Cs364Activity
ADDED from src\main\AndroidManifest.xml:250:3-253:42
	android:screenOrientation
		ADDED from src\main\AndroidManifest.xml:253:4-40
	android:configChanges
		ADDED from src\main\AndroidManifest.xml:252:4-50
	android:name
		ADDED from src\main\AndroidManifest.xml:251:4-33
activity#com.tasm.istudiez.Cs366Activity
ADDED from src\main\AndroidManifest.xml:254:3-257:42
	android:screenOrientation
		ADDED from src\main\AndroidManifest.xml:257:4-40
	android:configChanges
		ADDED from src\main\AndroidManifest.xml:256:4-50
	android:name
		ADDED from src\main\AndroidManifest.xml:255:4-33
activity#com.tasm.istudiez.Cs368Activity
ADDED from src\main\AndroidManifest.xml:258:3-261:42
	android:screenOrientation
		ADDED from src\main\AndroidManifest.xml:261:4-40
	android:configChanges
		ADDED from src\main\AndroidManifest.xml:260:4-50
	android:name
		ADDED from src\main\AndroidManifest.xml:259:4-33
activity#com.tasm.istudiez.Cs372Activity
ADDED from src\main\AndroidManifest.xml:262:3-265:42
	android:screenOrientation
		ADDED from src\main\AndroidManifest.xml:265:4-40
	android:configChanges
		ADDED from src\main\AndroidManifest.xml:264:4-50
	android:name
		ADDED from src\main\AndroidManifest.xml:263:4-33
activity#com.tasm.istudiez.Cs401Activity
ADDED from src\main\AndroidManifest.xml:266:3-269:42
	android:screenOrientation
		ADDED from src\main\AndroidManifest.xml:269:4-40
	android:configChanges
		ADDED from src\main\AndroidManifest.xml:268:4-50
	android:name
		ADDED from src\main\AndroidManifest.xml:267:4-33
activity#com.tasm.istudiez.Cs403Activity
ADDED from src\main\AndroidManifest.xml:270:3-273:42
	android:screenOrientation
		ADDED from src\main\AndroidManifest.xml:273:4-40
	android:configChanges
		ADDED from src\main\AndroidManifest.xml:272:4-50
	android:name
		ADDED from src\main\AndroidManifest.xml:271:4-33
activity#com.tasm.istudiez.Cs405Activity
ADDED from src\main\AndroidManifest.xml:274:3-277:42
	android:screenOrientation
		ADDED from src\main\AndroidManifest.xml:277:4-40
	android:configChanges
		ADDED from src\main\AndroidManifest.xml:276:4-50
	android:name
		ADDED from src\main\AndroidManifest.xml:275:4-33
activity#com.tasm.istudiez.Cs407Activity
ADDED from src\main\AndroidManifest.xml:278:3-281:42
	android:screenOrientation
		ADDED from src\main\AndroidManifest.xml:281:4-40
	android:configChanges
		ADDED from src\main\AndroidManifest.xml:280:4-50
	android:name
		ADDED from src\main\AndroidManifest.xml:279:4-33
activity#com.tasm.istudiez.Cs409Activity
ADDED from src\main\AndroidManifest.xml:282:3-285:42
	android:screenOrientation
		ADDED from src\main\AndroidManifest.xml:285:4-40
	android:configChanges
		ADDED from src\main\AndroidManifest.xml:284:4-50
	android:name
		ADDED from src\main\AndroidManifest.xml:283:4-33
activity#com.tasm.istudiez.Cs461Activity
ADDED from src\main\AndroidManifest.xml:286:3-289:42
	android:screenOrientation
		ADDED from src\main\AndroidManifest.xml:289:4-40
	android:configChanges
		ADDED from src\main\AndroidManifest.xml:288:4-50
	android:name
		ADDED from src\main\AndroidManifest.xml:287:4-33
activity#com.tasm.istudiez.Cs463Activity
ADDED from src\main\AndroidManifest.xml:290:3-293:42
	android:screenOrientation
		ADDED from src\main\AndroidManifest.xml:293:4-40
	android:configChanges
		ADDED from src\main\AndroidManifest.xml:292:4-50
	android:name
		ADDED from src\main\AndroidManifest.xml:291:4-33
activity#com.tasm.istudiez.Cs465Activity
ADDED from src\main\AndroidManifest.xml:294:3-297:42
	android:screenOrientation
		ADDED from src\main\AndroidManifest.xml:297:4-40
	android:configChanges
		ADDED from src\main\AndroidManifest.xml:296:4-50
	android:name
		ADDED from src\main\AndroidManifest.xml:295:4-33
activity#com.tasm.istudiez.Cs467Activity
ADDED from src\main\AndroidManifest.xml:298:3-301:42
	android:screenOrientation
		ADDED from src\main\AndroidManifest.xml:301:4-40
	android:configChanges
		ADDED from src\main\AndroidManifest.xml:300:4-50
	android:name
		ADDED from src\main\AndroidManifest.xml:299:4-33
activity#com.tasm.istudiez.Cs469Activity
ADDED from src\main\AndroidManifest.xml:302:3-305:42
	android:screenOrientation
		ADDED from src\main\AndroidManifest.xml:305:4-40
	android:configChanges
		ADDED from src\main\AndroidManifest.xml:304:4-50
	android:name
		ADDED from src\main\AndroidManifest.xml:303:4-33